<?xml version="1.0" encoding="UTF-8"?>
<!-- Generated by org.testng.reporters.JUnitReportReporter -->
<testsuite hostname="DESKTOP-BIVP7MD" failures="0" tests="1" name="Calling_Page.RegisterCall" time="102.762" errors="0" timestamp="2023-09-16T16:44:08 IST" skipped="0">
  <testcase classname="Calling_Page.RegisterCall" name="RegisterCall" time="102.762"/>
</testsuite> <!-- Calling_Page.RegisterCall -->
