<?xml version="1.0" encoding="UTF-8"?>
<!-- Generated by org.testng.reporters.JUnitReportReporter -->
<testsuite hostname="DESKTOP-BIVP7MD" failures="0" tests="1" name="Calling_Page.CallingAllMethods" time="917.579" errors="0" timestamp="2023-09-30T13:09:15 IST" skipped="0">
  <testcase classname="Calling_Page.CallingAllMethods" name="callingMethods" time="917.579"/>
</testsuite> <!-- Calling_Page.CallingAllMethods -->
